#
# There is insufficient memory for the Java Runtime Environment to continue.
# Native memory allocation (mmap) failed to map 132120576 bytes for G1 virtual space
# Possible reasons:
#   The system is out of physical RAM or swap space
#   The process is running with CompressedOops enabled, and the Java Heap may be blocking the growth of the native heap
# Possible solutions:
#   Reduce memory load on the system
#   Increase physical memory or swap space
#   Check if swap backing store is full
#   Decrease Java heap size (-Xmx/-Xms)
#   Decrease number of Java threads
#   Decrease Java thread stack sizes (-Xss)
#   Set larger code cache with -XX:ReservedCodeCacheSize=
#   JVM is running with Unscaled Compressed Oops mode in which the Java heap is
#     placed in the first 4GB address space. The Java Heap base address is the
#     maximum limit for the native heap growth. Please use -XX:HeapBaseMinAddress
#     to set the Java Heap base and to place the Java Heap above 4GB virtual address.
# This output file may be truncated or incomplete.
#
#  Out of Memory Error (os_windows.cpp:3825), pid=2224, tid=14392
#
# JRE version:  (17.0.9+7) (build )
# Java VM: OpenJDK 64-Bit Server VM (17.0.9+7-b1000.46, mixed mode, sharing, tiered, compressed oops, compressed class ptrs, g1 gc, windows-amd64)
# No core dump will be written. Minidumps are not enabled by default on client versions of Windows
#

---------------  S U M M A R Y ------------

Command Line: git4idea.http.GitAskPassApp Username for 'https://github.com': 

Host: Intel(R) Core(TM) i5-10300H CPU @ 2.50GHz, 8 cores, 7G,  Windows 11 , 64 bit Build 22621 (10.0.22621.3235)
Time: Fri Mar 29 15:37:49 2024 Paris, Madrid elapsed time: 0.030497 seconds (0d 0h 0m 0s)

---------------  T H R E A D  ---------------

Current thread (0x0000015b8b58d8f0):  JavaThread "Unknown thread" [_thread_in_vm, id=14392, stack(0x0000004f02000000,0x0000004f02100000)]

Stack: [0x0000004f02000000,0x0000004f02100000]
Native frames: (J=compiled Java code, j=interpreted, Vv=VM code, C=native code)
V  [jvm.dll+0x6886e9]
V  [jvm.dll+0x841e4a]
V  [jvm.dll+0x843a8e]
V  [jvm.dll+0x8440f3]
V  [jvm.dll+0x24c14f]
V  [jvm.dll+0x685499]
V  [jvm.dll+0x679c2a]
V  [jvm.dll+0x30cf9b]
V  [jvm.dll+0x314446]
V  [jvm.dll+0x36425e]
V  [jvm.dll+0x36448f]
V  [jvm.dll+0x2e2d68]
V  [jvm.dll+0x2e3cd4]
V  [jvm.dll+0x8129f1]
V  [jvm.dll+0x3720c1]
V  [jvm.dll+0x7f152c]
V  [jvm.dll+0x3f5d4f]
V  [jvm.dll+0x3f7981]
C  [jli.dll+0x528f]
C  [ucrtbase.dll+0x29363]
C  [KERNEL32.DLL+0x1257d]
C  [ntdll.dll+0x5aa58]


---------------  P R O C E S S  ---------------

Threads class SMR info:
_java_thread_list=0x00007fff8335ef18, length=0, elements={
}

Java Threads: ( => current thread )

Other Threads:
  0x0000015b8b5e75c0 GCTaskThread "GC Thread#0" [stack: 0x0000004f02100000,0x0000004f02200000] [id=24444]
  0x0000015b8b5f8010 ConcurrentGCThread "G1 Main Marker" [stack: 0x0000004f02200000,0x0000004f02300000] [id=24816]
  0x0000015b8b5f8a30 ConcurrentGCThread "G1 Conc#0" [stack: 0x0000004f02300000,0x0000004f02400000] [id=24184]

[error occurred during error reporting (printing all threads), id 0xc0000005, EXCEPTION_ACCESS_VIOLATION (0xc0000005) at pc=0x00007fff82b13937]

VM state: not at safepoint (not fully initialized)

VM Mutex/Monitor currently owned by a thread:  ([mutex/lock_event])
[0x0000015b8b589e90] Heap_lock - owner thread: 0x0000015b8b58d8f0

Heap address: 0x0000000082800000, size: 2008 MB, Compressed Oops mode: 32-bit

CDS archive(s) mapped at: [0x0000000000000000-0x0000000000000000-0x0000000000000000), size 0, SharedBaseAddress: 0x0000000800000000, ArchiveRelocationMode: 1.
Narrow klass base: 0x0000000000000000, Narrow klass shift: 0, Narrow klass range: 0x0

GC Precious Log:
<Empty>

Heap:
 garbage-first heap   total 0K, used 0K [0x0000000082800000, 0x0000000100000000)
  region size 1024K, 0 young (0K), 0 survivors (0K)
 Metaspace       used 0K, committed 0K, reserved 0K
  class space    used 0K, committed 0K, reserved 0K

Heap Regions: E=young(eden), S=young(survivor), O=old, HS=humongous(starts), HC=humongous(continues), CS=collection set, F=free, OA=open archive, CA=closed archive, TAMS=top-at-mark-start (previous, next)

Card table byte_map: [0x0000015b9e420000,0x0000015b9e810000] _byte_map_base: 0x0000015b9e00c000

Marking Bits (Prev, Next): (CMBitMap*) 0x0000015b8b5e7be0, (CMBitMap*) 0x0000015b8b5e7c20
 Prev Bits: [0x0000015b9ec00000, 0x0000015ba0b60000)
 Next Bits: [0x0000015ba0b60000, 0x0000015ba2ac0000)

GC Heap History (0 events):
No events

Dll operation events (1 events):
Event: 0.018 Loaded shared library C:\Program Files\JetBrains\IntelliJ IDEA Community Edition 2023.2.5\jbr\bin\java.dll

Deoptimization events (0 events):
No events

Classes unloaded (0 events):
No events

Classes redefined (0 events):
No events

Internal exceptions (0 events):
No events

VM Operations (0 events):
No events

Events (0 events):
No events


Dynamic libraries:
0x00007ff6ca870000 - 0x00007ff6ca87a000 	C:\Program Files\JetBrains\IntelliJ IDEA Community Edition 2023.2.5\jbr\bin\java.exe
0x00007ff818450000 - 0x00007ff818666000 	C:\WINDOWS\SYSTEM32\ntdll.dll
0x00007ff816780000 - 0x00007ff816844000 	C:\WINDOWS\System32\KERNEL32.DLL
0x00007ff815c30000 - 0x00007ff815fd6000 	C:\WINDOWS\System32\KERNELBASE.dll
0x00007ff8159f0000 - 0x00007ff815b01000 	C:\WINDOWS\System32\ucrtbase.dll
0x00007ff80f170000 - 0x00007ff80f18b000 	C:\Program Files\JetBrains\IntelliJ IDEA Community Edition 2023.2.5\jbr\bin\VCRUNTIME140.dll
0x00007fffefbb0000 - 0x00007fffefbc7000 	C:\Program Files\JetBrains\IntelliJ IDEA Community Edition 2023.2.5\jbr\bin\jli.dll
0x00007ff8165d0000 - 0x00007ff81677d000 	C:\WINDOWS\System32\USER32.dll
0x00007ff815fe0000 - 0x00007ff816006000 	C:\WINDOWS\System32\win32u.dll
0x00007fffff330000 - 0x00007fffff5c3000 	C:\WINDOWS\WinSxS\amd64_microsoft.windows.common-controls_6595b64144ccf1df_6.0.22621.3235_none_270f74e173860f98\COMCTL32.dll
0x00007ff816260000 - 0x00007ff816289000 	C:\WINDOWS\System32\GDI32.dll
0x00007ff816010000 - 0x00007ff816128000 	C:\WINDOWS\System32\gdi32full.dll
0x00007ff817140000 - 0x00007ff8171e7000 	C:\WINDOWS\System32\msvcrt.dll
0x00007ff815b10000 - 0x00007ff815baa000 	C:\WINDOWS\System32\msvcp_win.dll
0x00007ff8173c0000 - 0x00007ff8173f1000 	C:\WINDOWS\System32\IMM32.DLL
0x00007ff8115f0000 - 0x00007ff8115fc000 	C:\Program Files\JetBrains\IntelliJ IDEA Community Edition 2023.2.5\jbr\bin\vcruntime140_1.dll
0x00007fffcbf80000 - 0x00007fffcc00d000 	C:\Program Files\JetBrains\IntelliJ IDEA Community Edition 2023.2.5\jbr\bin\msvcp140.dll
0x00007fff82820000 - 0x00007fff834a3000 	C:\Program Files\JetBrains\IntelliJ IDEA Community Edition 2023.2.5\jbr\bin\server\jvm.dll
0x00007ff816290000 - 0x00007ff816342000 	C:\WINDOWS\System32\ADVAPI32.dll
0x00007ff8161b0000 - 0x00007ff816258000 	C:\WINDOWS\System32\sechost.dll
0x00007ff8159c0000 - 0x00007ff8159e8000 	C:\WINDOWS\System32\bcrypt.dll
0x00007ff816350000 - 0x00007ff816465000 	C:\WINDOWS\System32\RPCRT4.dll
0x00007ffffab70000 - 0x00007ffffab79000 	C:\WINDOWS\SYSTEM32\WSOCK32.dll
0x00007ff8096f0000 - 0x00007ff8096fa000 	C:\WINDOWS\SYSTEM32\VERSION.dll
0x00007ff80d660000 - 0x00007ff80d694000 	C:\WINDOWS\SYSTEM32\WINMM.dll
0x00007ff817f30000 - 0x00007ff817fa1000 	C:\WINDOWS\System32\WS2_32.dll
0x00007ff8145e0000 - 0x00007ff81462d000 	C:\WINDOWS\SYSTEM32\POWRPROF.dll
0x00007ff8145c0000 - 0x00007ff8145d3000 	C:\WINDOWS\SYSTEM32\UMPDC.dll
0x00007ff814880000 - 0x00007ff814898000 	C:\WINDOWS\SYSTEM32\kernel.appcore.dll
0x00007ff80f7d0000 - 0x00007ff80f7da000 	C:\Program Files\JetBrains\IntelliJ IDEA Community Edition 2023.2.5\jbr\bin\jimage.dll
0x00007ff812a30000 - 0x00007ff812c63000 	C:\WINDOWS\SYSTEM32\DBGHELP.DLL
0x00007ff817fd0000 - 0x00007ff818358000 	C:\WINDOWS\System32\combase.dll
0x00007ff8164d0000 - 0x00007ff8165a7000 	C:\WINDOWS\System32\OLEAUT32.dll
0x00007ffff9920000 - 0x00007ffff9952000 	C:\WINDOWS\SYSTEM32\dbgcore.DLL
0x00007ff815bb0000 - 0x00007ff815c2a000 	C:\WINDOWS\System32\bcryptPrimitives.dll
0x00007ff80c190000 - 0x00007ff80c1b5000 	C:\Program Files\JetBrains\IntelliJ IDEA Community Edition 2023.2.5\jbr\bin\java.dll

dbghelp: loaded successfully - version: 4.0.5 - missing functions: none
symbol engine: initialized successfully - sym options: 0x614 - pdb path: .;C:\Program Files\JetBrains\IntelliJ IDEA Community Edition 2023.2.5\jbr\bin;C:\WINDOWS\SYSTEM32;C:\WINDOWS\WinSxS\amd64_microsoft.windows.common-controls_6595b64144ccf1df_6.0.22621.3235_none_270f74e173860f98;C:\Program Files\JetBrains\IntelliJ IDEA Community Edition 2023.2.5\jbr\bin\server

VM Arguments:
java_command: git4idea.http.GitAskPassApp Username for 'https://github.com': 
java_class_path (initial): C:/Program Files/JetBrains/IntelliJ IDEA Community Edition 2023.2.5/plugins/vcs-git/lib/git4idea-rt.jar;C:/Program Files/JetBrains/IntelliJ IDEA Community Edition 2023.2.5/lib/externalProcess-rt.jar
Launcher Type: SUN_STANDARD

[Global flags]
     intx CICompilerCount                          = 4                                         {product} {ergonomic}
     uint ConcGCThreads                            = 2                                         {product} {ergonomic}
     uint G1ConcRefinementThreads                  = 8                                         {product} {ergonomic}
   size_t G1HeapRegionSize                         = 1048576                                   {product} {ergonomic}
    uintx GCDrainStackTargetSize                   = 64                                        {product} {ergonomic}
   size_t InitialHeapSize                          = 132120576                                 {product} {ergonomic}
   size_t MarkStackSize                            = 4194304                                   {product} {ergonomic}
   size_t MaxHeapSize                              = 2105540608                                {product} {ergonomic}
   size_t MinHeapDeltaBytes                        = 1048576                                   {product} {ergonomic}
   size_t MinHeapSize                              = 8388608                                   {product} {ergonomic}
    uintx NonNMethodCodeHeapSize                   = 5839372                                {pd product} {ergonomic}
    uintx NonProfiledCodeHeapSize                  = 122909434                              {pd product} {ergonomic}
    uintx ProfiledCodeHeapSize                     = 122909434                              {pd product} {ergonomic}
    uintx ReservedCodeCacheSize                    = 251658240                              {pd product} {ergonomic}
     bool SegmentedCodeCache                       = true                                      {product} {ergonomic}
   size_t SoftMaxHeapSize                          = 2105540608                             {manageable} {ergonomic}
     bool UseCompressedClassPointers               = true                           {product lp64_product} {ergonomic}
     bool UseCompressedOops                        = true                           {product lp64_product} {ergonomic}
     bool UseG1GC                                  = true                                      {product} {ergonomic}
     bool UseLargePagesIndividualAllocation        = false                                  {pd product} {ergonomic}

Logging:
Log output configuration:
 #0: stdout all=warning uptime,level,tags
 #1: stderr all=off uptime,level,tags

Environment Variables:
PATH=C:\Program Files\Git\mingw64\libexec\git-core;C:\Program Files\Git\mingw64\libexec\git-core;C:\Program Files\Git\mingw64\bin;C:\Program Files\Git\usr\bin;C:\Users\georg\bin;C:\Program Files\IBM\ILOG\CPLEX_Studio201\opl\bin\x64_win64;C:\Program Files\IBM\ILOG\CPLEX_Studio201\opl\oplide;C:\Program Files\IBM\ILOG\CPLEX_Studio201\cplex\bin\x64_win64;C:\Program Files\IBM\ILOG\CPLEX_Studio201\cpoptimizer\bin\x64_win64;C:\Program Files\Common Files\Oracle\Java\javapath;C:\Windows\system32;C:\Windows;C:\Windows\System32\Wbem;C:\Windows\System32\WindowsPowerShell\v1.0;C:\Windows\System32\OpenSSH;C:\Program Files (x86)\NVIDIA Corporation\PhysX\Common;C:\Program Files\NVIDIA Corporation\NVIDIA NvDLISR;C:\WINDOWS\system32;C:\WINDOWS;C:\WINDOWS\System32\Wbem;C:\WINDOWS\System32\WindowsPowerShell\v1.0;C:\WINDOWS\System32\OpenSSH;C:\Program Files\PuTTY;C:\Program Files\Git\cmd;C:\Program Files\Docker\Docker\resources\bin;C:\Program Files\MySQL\MySQL Shell 8.0\bin;C:\Users\georg\AppData\Local\Programs\Python\Python311;C:\Users\georg\AppData\Local\Programs\Python\Python311\Scripts;C:\Users\georg\AppData\Local\Microsoft\WindowsApps;C:\Program Files\MariaDB 10.11\bin;C:\Users\georg\AppData\Local\Programs\Microsoft VS Code\bin;C:\Program Files\New Relic\New Relic CLI;
USERNAME=georg
DISPLAY=:0.0
LC_ALL=en_US.UTF-8
TERM=xterm-256color
TMPDIR=C:\Users\georg\AppData\Local\Temp
OS=Windows_NT
PROCESSOR_IDENTIFIER=Intel64 Family 6 Model 165 Stepping 2, GenuineIntel
TMP=C:\Users\georg\AppData\Local\Temp
TEMP=C:\Users\georg\AppData\Local\Temp



Periodic native trim disabled

JNI global refs:
JNI global refs: 0, weak refs: 0

JNI global refs memory usage: 0, weak refs: 0

OOME stack traces (most recent first):
Classloader memory used:


---------------  S Y S T E M  ---------------

OS:
 Windows 11 , 64 bit Build 22621 (10.0.22621.3235)
OS uptime: 1 days 15:11 hours
Hyper-V role detected

CPU: total 8 (initial active 8) (4 cores per cpu, 2 threads per core) family 6 model 165 stepping 2 microcode 0xe0, cx8, cmov, fxsr, ht, mmx, 3dnowpref, sse, sse2, sse3, ssse3, sse4.1, sse4.2, popcnt, lzcnt, tsc, tscinvbit, avx, avx2, aes, erms, clmul, bmi1, bmi2, adx, fma, vzeroupper, clflush, clflushopt, hv
Processor Information for all 8 processors :
  Max Mhz: 2496, Current Mhz: 2496, Mhz Limit: 2496

Memory: 4k page, system-wide physical 8029M (965M free)
TotalPageFile size 32605M (AvailPageFile size 86M)
current process WorkingSet (physical memory assigned to process): 11M, peak: 11M
current process commit charge ("private bytes"): 60M, peak: 186M

vm_info: OpenJDK 64-Bit Server VM (17.0.9+7-b1000.46) for windows-amd64 JRE (17.0.9+7-b1000.46), built on 2023-10-27 by "builduser" with MS VC++ 16.10 / 16.11 (VS2019)

END.
